-------------------------------------------------------------------------------
Test set: guru.springframework.sfgpetclinic.SfpPetClinicApplicationTests
-------------------------------------------------------------------------------
Tests run: 1, Failures: 0, Errors: 1, Skipped: 0, Time elapsed: 2.582 s <<< FAILURE! - in guru.springframework.sfgpetclinic.SfpPetClinicApplicationTests
contextLoads  Time elapsed: 0.001 s  <<< ERROR!
java.lang.IllegalStateException: Failed to load ApplicationContext
Caused by: org.springframework.beans.factory.UnsatisfiedDependencyException: Error creating bean with name 'dataLoader' defined in file [/Users/fajobst/src/springramework.guru/courses/spring5/sfg-pet-clinic/pet-clinic-web/target/classes/guru/springframework/sfgpetclinic/bootstrap/DataLoader.class]: Unsatisfied dependency expressed through constructor parameter 4; nested exception is org.springframework.beans.factory.NoUniqueBeanDefinitionException: No qualifying bean of type 'guru.springframework.sfgpetclinic.services.VisitService' available: expected single matching bean but found 2: visitSDJpaService,visitMapService
Caused by: org.springframework.beans.factory.NoUniqueBeanDefinitionException: No qualifying bean of type 'guru.springframework.sfgpetclinic.services.VisitService' available: expected single matching bean but found 2: visitSDJpaService,visitMapService

